<?xml version="1.0" encoding="UTF-8"?>
<!-- Generated by org.testng.reporters.JUnitXMLReporter -->
<testsuite ignored="0" hostname="richa-ThinkPad-L14-Gen-1" failures="0" tests="6" name="Default test" time="6.551" errors="0" timestamp="01 Jun 2022 16:10:10 GMT">
  <testcase classname="API_TESTING.project_1.TestCases" name="testCreateUser" time="1.602"/>
  <testcase classname="API_TESTING.project_1.TestCases" name="testFetchUser" time="0.796"/>
  <testcase classname="API_TESTING.project_1.TestCases" name="testGetUserList" time="0.98"/>
  <testcase classname="API_TESTING.project_1.TestCases" name="testLoginUserSuccessful" time="0.78"/>
  <testcase classname="API_TESTING.project_1.TestCases" name="testLoginUserUnsuccessful" time="0.915"/>
  <testcase classname="API_TESTING.project_1.TestCases" name="testRegisterUser" time="0.667"/>
</testsuite> <!-- Default test -->
